0 verbose cli C:\Program Files\nodejs\node.exe C:\Program Files\nodejs\node_modules\npm\bin\npm-cli.js
1 info using npm@10.9.2
2 info using node@v23.6.1
3 silly config load:file:C:\Program Files\nodejs\node_modules\npm\npmrc
4 silly config load:file:C:\Users\Avi\OneDrive\Desktop\your heart\backend\.npmrc
5 silly config load:file:C:\Users\Avi\.npmrc
6 silly config load:file:C:\Users\Avi\OneDrive\Desktop\your heart\backend\UsersAviAppDataRoamingnpm\etc\npmrc
7 verbose title npm install nodemon
8 verbose argv "install" "--save-dev" "nodemon"
9 verbose logfile logs-max:10 dir:C:\Users\Avi\OneDrive\Desktop\your heart\backend\UsersAviAppDataLocalnpm-cache\_logs\2025-04-27T10_06_45_626Z-
10 verbose logfile C:\Users\Avi\OneDrive\Desktop\your heart\backend\UsersAviAppDataLocalnpm-cache\_logs\2025-04-27T10_06_45_626Z-debug-0.log
11 silly logfile done cleaning log files
12 silly packumentCache heap:2197815296 maxSize:549453824 maxEntrySize:274726912
13 silly idealTree buildDeps
14 silly fetch manifest nodemon@*
15 silly packumentCache full:https://registry.npmjs.org/nodemon cache-miss
16 http fetch GET 200 https://registry.npmjs.org/nodemon 388ms (cache miss)
17 silly packumentCache full:https://registry.npmjs.org/nodemon set size:undefined disposed:false
18 silly placeDep ROOT nodemon@3.1.10 OK for: backend@1.0.0 want: *
19 silly fetch manifest chokidar@^3.5.2
20 silly packumentCache full:https://registry.npmjs.org/chokidar cache-miss
21 silly fetch manifest ignore-by-default@^1.0.1
22 silly packumentCache full:https://registry.npmjs.org/ignore-by-default cache-miss
23 silly fetch manifest minimatch@^3.1.2
24 silly packumentCache full:https://registry.npmjs.org/minimatch cache-miss
25 silly fetch manifest pstree.remy@^1.1.8
26 silly packumentCache full:https://registry.npmjs.org/pstree.remy cache-miss
27 silly fetch manifest semver@^7.5.3
28 silly packumentCache full:https://registry.npmjs.org/semver cache-miss
29 silly fetch manifest simple-update-notifier@^2.0.0
30 silly packumentCache full:https://registry.npmjs.org/simple-update-notifier cache-miss
31 silly fetch manifest supports-color@^5.5.0
32 silly packumentCache full:https://registry.npmjs.org/supports-color cache-miss
33 silly fetch manifest touch@^3.1.0
34 silly packumentCache full:https://registry.npmjs.org/touch cache-miss
35 silly fetch manifest undefsafe@^2.0.5
36 silly packumentCache full:https://registry.npmjs.org/undefsafe cache-miss
37 http fetch GET 200 https://registry.npmjs.org/chokidar 81ms (cache miss)
38 silly packumentCache full:https://registry.npmjs.org/chokidar set size:undefined disposed:false
39 http fetch GET 200 https://registry.npmjs.org/touch 158ms (cache miss)
40 silly packumentCache full:https://registry.npmjs.org/touch set size:undefined disposed:false
41 http fetch GET 200 https://registry.npmjs.org/undefsafe 179ms (cache miss)
42 silly packumentCache full:https://registry.npmjs.org/undefsafe set size:undefined disposed:false
43 http fetch GET 200 https://registry.npmjs.org/pstree.remy 180ms (cache miss)
44 silly packumentCache full:https://registry.npmjs.org/pstree.remy set size:undefined disposed:false
45 http fetch GET 200 https://registry.npmjs.org/supports-color 193ms (cache miss)
46 silly packumentCache full:https://registry.npmjs.org/supports-color set size:undefined disposed:false
47 http fetch GET 200 https://registry.npmjs.org/ignore-by-default 208ms (cache miss)
48 silly packumentCache full:https://registry.npmjs.org/ignore-by-default set size:undefined disposed:false
49 http fetch GET 200 https://registry.npmjs.org/simple-update-notifier 327ms (cache miss)
50 silly packumentCache full:https://registry.npmjs.org/simple-update-notifier set size:undefined disposed:false
51 http fetch GET 200 https://registry.npmjs.org/semver 329ms (cache miss)
52 silly packumentCache full:https://registry.npmjs.org/semver set size:undefined disposed:false
53 http fetch GET 200 https://registry.npmjs.org/minimatch 333ms (cache miss)
54 silly packumentCache full:https://registry.npmjs.org/minimatch set size:undefined disposed:false
55 silly placeDep ROOT chokidar@3.6.0 OK for: nodemon@3.1.10 want: ^3.5.2
56 silly placeDep ROOT ignore-by-default@1.0.1 OK for: nodemon@3.1.10 want: ^1.0.1
57 silly placeDep ROOT minimatch@3.1.2 OK for: nodemon@3.1.10 want: ^3.1.2
58 silly placeDep ROOT pstree.remy@1.1.8 OK for: nodemon@3.1.10 want: ^1.1.8
59 silly placeDep ROOT semver@7.7.1 OK for: nodemon@3.1.10 want: ^7.5.3
60 silly placeDep ROOT simple-update-notifier@2.0.0 OK for: nodemon@3.1.10 want: ^2.0.0
61 silly placeDep ROOT supports-color@5.5.0 OK for: nodemon@3.1.10 want: ^5.5.0
62 silly placeDep ROOT touch@3.1.1 OK for: nodemon@3.1.10 want: ^3.1.0
63 silly placeDep ROOT undefsafe@2.0.5 OK for: nodemon@3.1.10 want: ^2.0.5
64 silly fetch manifest braces@~3.0.2
65 silly packumentCache full:https://registry.npmjs.org/braces cache-miss
66 silly fetch manifest is-glob@~4.0.1
67 silly packumentCache full:https://registry.npmjs.org/is-glob cache-miss
68 silly fetch manifest anymatch@~3.1.2
69 silly packumentCache full:https://registry.npmjs.org/anymatch cache-miss
70 silly fetch manifest readdirp@~3.6.0
71 silly packumentCache full:https://registry.npmjs.org/readdirp cache-miss
72 silly fetch manifest glob-parent@~5.1.2
73 silly packumentCache full:https://registry.npmjs.org/glob-parent cache-miss
74 silly fetch manifest is-binary-path@~2.1.0
75 silly packumentCache full:https://registry.npmjs.org/is-binary-path cache-miss
76 silly fetch manifest normalize-path@~3.0.0
77 silly packumentCache full:https://registry.npmjs.org/normalize-path cache-miss
78 silly fetch manifest fsevents@~2.3.2
79 silly packumentCache full:https://registry.npmjs.org/fsevents cache-miss
80 silly fetch manifest brace-expansion@^1.1.7
81 silly packumentCache full:https://registry.npmjs.org/brace-expansion cache-miss
82 silly fetch manifest has-flag@^3.0.0
83 silly packumentCache full:https://registry.npmjs.org/has-flag cache-miss
84 http fetch GET 200 https://registry.npmjs.org/brace-expansion 62ms (cache miss)
85 silly packumentCache full:https://registry.npmjs.org/brace-expansion set size:undefined disposed:false
86 http fetch GET 200 https://registry.npmjs.org/anymatch 76ms (cache miss)
87 silly packumentCache full:https://registry.npmjs.org/anymatch set size:undefined disposed:false
88 http fetch GET 200 https://registry.npmjs.org/braces 82ms (cache miss)
89 silly packumentCache full:https://registry.npmjs.org/braces set size:undefined disposed:false
90 http fetch GET 200 https://registry.npmjs.org/glob-parent 89ms (cache miss)
91 silly packumentCache full:https://registry.npmjs.org/glob-parent set size:undefined disposed:false
92 http fetch GET 200 https://registry.npmjs.org/is-binary-path 106ms (cache miss)
93 silly packumentCache full:https://registry.npmjs.org/is-binary-path set size:undefined disposed:false
94 http fetch GET 200 https://registry.npmjs.org/readdirp 120ms (cache miss)
95 silly packumentCache full:https://registry.npmjs.org/readdirp set size:undefined disposed:false
96 http fetch GET 200 https://registry.npmjs.org/has-flag 173ms (cache miss)
97 silly packumentCache full:https://registry.npmjs.org/has-flag set size:undefined disposed:false
98 http fetch GET 200 https://registry.npmjs.org/fsevents 188ms (cache miss)
99 silly packumentCache full:https://registry.npmjs.org/fsevents set size:undefined disposed:false
100 http fetch GET 200 https://registry.npmjs.org/is-glob 201ms (cache miss)
101 silly packumentCache full:https://registry.npmjs.org/is-glob set size:undefined disposed:false
102 http fetch GET 200 https://registry.npmjs.org/normalize-path 201ms (cache miss)
103 silly packumentCache full:https://registry.npmjs.org/normalize-path set size:undefined disposed:false
104 silly placeDep ROOT anymatch@3.1.3 OK for: chokidar@3.6.0 want: ~3.1.2
105 silly placeDep ROOT braces@3.0.3 OK for: chokidar@3.6.0 want: ~3.0.2
106 silly placeDep ROOT fsevents@2.3.3 OK for: chokidar@3.6.0 want: ~2.3.2
107 silly placeDep ROOT glob-parent@5.1.2 OK for: chokidar@3.6.0 want: ~5.1.2
108 silly placeDep ROOT is-binary-path@2.1.0 OK for: chokidar@3.6.0 want: ~2.1.0
109 silly placeDep ROOT is-glob@4.0.3 OK for: chokidar@3.6.0 want: ~4.0.1
110 silly placeDep ROOT normalize-path@3.0.0 OK for: chokidar@3.6.0 want: ~3.0.0
111 silly placeDep ROOT readdirp@3.6.0 OK for: chokidar@3.6.0 want: ~3.6.0
112 silly fetch manifest picomatch@^2.0.4
113 silly packumentCache full:https://registry.npmjs.org/picomatch cache-miss
114 silly fetch manifest normalize-path@^3.0.0
115 silly packumentCache full:https://registry.npmjs.org/normalize-path cache-miss
116 silly fetch manifest fill-range@^7.1.1
117 silly packumentCache full:https://registry.npmjs.org/fill-range cache-miss
118 silly fetch manifest is-glob@^4.0.1
119 silly packumentCache full:https://registry.npmjs.org/is-glob cache-miss
120 silly fetch manifest binary-extensions@^2.0.0
121 silly packumentCache full:https://registry.npmjs.org/binary-extensions cache-miss
122 silly fetch manifest is-extglob@^2.1.1
123 silly packumentCache full:https://registry.npmjs.org/is-extglob cache-miss
124 silly fetch manifest picomatch@^2.2.1
125 silly packumentCache full:https://registry.npmjs.org/picomatch cache-miss
126 http cache https://registry.npmjs.org/is-glob 13ms (cache hit)
127 silly packumentCache full:https://registry.npmjs.org/is-glob set size:40530 disposed:false
128 http cache https://registry.npmjs.org/normalize-path 15ms (cache hit)
129 silly packumentCache full:https://registry.npmjs.org/normalize-path set size:28713 disposed:false
130 http fetch GET 200 https://registry.npmjs.org/is-extglob 66ms (cache miss)
131 silly packumentCache full:https://registry.npmjs.org/is-extglob set size:undefined disposed:false
132 http fetch GET 200 https://registry.npmjs.org/picomatch 68ms (cache miss)
133 silly packumentCache full:https://registry.npmjs.org/picomatch set size:undefined disposed:false
134 http fetch GET 200 https://registry.npmjs.org/picomatch 75ms (cache miss)
135 silly packumentCache full:https://registry.npmjs.org/picomatch set size:undefined disposed:false
136 http fetch GET 200 https://registry.npmjs.org/binary-extensions 113ms (cache miss)
137 silly packumentCache full:https://registry.npmjs.org/binary-extensions set size:undefined disposed:false
138 http fetch GET 200 https://registry.npmjs.org/fill-range 116ms (cache miss)
139 silly packumentCache full:https://registry.npmjs.org/fill-range set size:undefined disposed:false
140 silly placeDep ROOT picomatch@2.3.1 OK for: anymatch@3.1.3 want: ^2.0.4
141 silly placeDep ROOT fill-range@7.1.1 OK for: braces@3.0.3 want: ^7.1.1
142 silly fetch manifest to-regex-range@^5.0.1
143 silly packumentCache full:https://registry.npmjs.org/to-regex-range cache-miss
144 http fetch GET 200 https://registry.npmjs.org/to-regex-range 100ms (cache miss)
145 silly packumentCache full:https://registry.npmjs.org/to-regex-range set size:undefined disposed:false
146 silly placeDep ROOT to-regex-range@5.0.1 OK for: fill-range@7.1.1 want: ^5.0.1
147 silly fetch manifest is-number@^7.0.0
148 silly packumentCache full:https://registry.npmjs.org/is-number cache-miss
149 http fetch GET 200 https://registry.npmjs.org/is-number 60ms (cache miss)
150 silly packumentCache full:https://registry.npmjs.org/is-number set size:undefined disposed:false
151 silly placeDep ROOT binary-extensions@2.3.0 OK for: is-binary-path@2.1.0 want: ^2.0.0
152 silly placeDep ROOT is-extglob@2.1.1 OK for: is-glob@4.0.3 want: ^2.1.1
153 silly placeDep ROOT brace-expansion@1.1.11 OK for: minimatch@3.1.2 want: ^1.1.7
154 silly fetch manifest balanced-match@^1.0.0
155 silly packumentCache full:https://registry.npmjs.org/balanced-match cache-miss
156 silly fetch manifest concat-map@0.0.1
157 silly packumentCache full:https://registry.npmjs.org/concat-map cache-miss
158 http fetch GET 200 https://registry.npmjs.org/balanced-match 202ms (cache miss)
159 silly packumentCache full:https://registry.npmjs.org/balanced-match set size:undefined disposed:false
160 http fetch GET 200 https://registry.npmjs.org/concat-map 203ms (cache miss)
161 silly packumentCache full:https://registry.npmjs.org/concat-map set size:undefined disposed:false
162 silly placeDep ROOT balanced-match@1.0.2 OK for: brace-expansion@1.1.11 want: ^1.0.0
163 silly placeDep ROOT concat-map@0.0.1 OK for: brace-expansion@1.1.11 want: 0.0.1
164 silly placeDep ROOT has-flag@3.0.0 OK for: supports-color@5.5.0 want: ^3.0.0
165 silly placeDep ROOT is-number@7.0.0 OK for: to-regex-range@5.0.1 want: ^7.0.0
166 silly reify moves {}
167 silly audit bulk request {
167 silly audit   accepts: [ '2.0.0' ],
167 silly audit   'body-parser': [ '2.2.0' ],
167 silly audit   bytes: [ '3.1.2' ],
167 silly audit   'call-bind-apply-helpers': [ '1.0.2' ],
167 silly audit   'call-bound': [ '1.0.4' ],
167 silly audit   'content-disposition': [ '1.0.0' ],
167 silly audit   'content-type': [ '1.0.5' ],
167 silly audit   cookie: [ '0.7.2' ],
167 silly audit   'cookie-signature': [ '1.2.2' ],
167 silly audit   cors: [ '2.8.5' ],
167 silly audit   debug: [ '4.4.0' ],
167 silly audit   depd: [ '2.0.0' ],
167 silly audit   dotenv: [ '16.5.0' ],
167 silly audit   'dunder-proto': [ '1.0.1' ],
167 silly audit   'ee-first': [ '1.1.1' ],
167 silly audit   encodeurl: [ '2.0.0' ],
167 silly audit   'es-define-property': [ '1.0.1' ],
167 silly audit   'es-errors': [ '1.3.0' ],
167 silly audit   'es-object-atoms': [ '1.1.1' ],
167 silly audit   'escape-html': [ '1.0.3' ],
167 silly audit   etag: [ '1.8.1' ],
167 silly audit   express: [ '5.1.0' ],
167 silly audit   finalhandler: [ '2.1.0' ],
167 silly audit   forwarded: [ '0.2.0' ],
167 silly audit   fresh: [ '2.0.0' ],
167 silly audit   'function-bind': [ '1.1.2' ],
167 silly audit   'get-intrinsic': [ '1.3.0' ],
167 silly audit   'get-proto': [ '1.0.1' ],
167 silly audit   gopd: [ '1.2.0' ],
167 silly audit   'has-symbols': [ '1.1.0' ],
167 silly audit   hasown: [ '2.0.2' ],
167 silly audit   'http-errors': [ '2.0.0' ],
167 silly audit   'iconv-lite': [ '0.6.3' ],
167 silly audit   inherits: [ '2.0.4' ],
167 silly audit   'ipaddr.js': [ '1.9.1' ],
167 silly audit   'is-promise': [ '4.0.0' ],
167 silly audit   'math-intrinsics': [ '1.1.0' ],
167 silly audit   'media-typer': [ '1.1.0' ],
167 silly audit   'merge-descriptors': [ '2.0.0' ],
167 silly audit   'mime-db': [ '1.54.0' ],
167 silly audit   'mime-types': [ '3.0.1' ],
167 silly audit   ms: [ '2.1.3' ],
167 silly audit   negotiator: [ '1.0.0' ],
167 silly audit   nodemailer: [ '6.10.1' ],
167 silly audit   'object-assign': [ '4.1.1' ],
167 silly audit   'object-inspect': [ '1.13.4' ],
167 silly audit   'on-finished': [ '2.4.1' ],
167 silly audit   once: [ '1.4.0' ],
167 silly audit   parseurl: [ '1.3.3' ],
167 silly audit   'path-to-regexp': [ '8.2.0' ],
167 silly audit   'proxy-addr': [ '2.0.7' ],
167 silly audit   qs: [ '6.14.0' ],
167 silly audit   'range-parser': [ '1.2.1' ],
167 silly audit   'raw-body': [ '3.0.0' ],
167 silly audit   router: [ '2.2.0' ],
167 silly audit   'safe-buffer': [ '5.2.1' ],
167 silly audit   'safer-buffer': [ '2.1.2' ],
167 silly audit   send: [ '1.2.0' ],
167 silly audit   'serve-static': [ '2.2.0' ],
167 silly audit   setprototypeof: [ '1.2.0' ],
167 silly audit   'side-channel': [ '1.1.0' ],
167 silly audit   'side-channel-list': [ '1.0.0' ],
167 silly audit   'side-channel-map': [ '1.0.1' ],
167 silly audit   'side-channel-weakmap': [ '1.0.2' ],
167 silly audit   statuses: [ '2.0.1' ],
167 silly audit   toidentifier: [ '1.0.1' ],
167 silly audit   'type-is': [ '2.0.1' ],
167 silly audit   unpipe: [ '1.0.0' ],
167 silly audit   vary: [ '1.1.2' ],
167 silly audit   wrappy: [ '1.0.2' ],
167 silly audit   nodemon: [ '3.1.10' ],
167 silly audit   chokidar: [ '3.6.0' ],
167 silly audit   'ignore-by-default': [ '1.0.1' ],
167 silly audit   minimatch: [ '3.1.2' ],
167 silly audit   'pstree.remy': [ '1.1.8' ],
167 silly audit   semver: [ '7.7.1' ],
167 silly audit   'simple-update-notifier': [ '2.0.0' ],
167 silly audit   'supports-color': [ '5.5.0' ],
167 silly audit   touch: [ '3.1.1' ],
167 silly audit   undefsafe: [ '2.0.5' ],
167 silly audit   anymatch: [ '3.1.3' ],
167 silly audit   braces: [ '3.0.3' ],
167 silly audit   fsevents: [ '2.3.3' ],
167 silly audit   'glob-parent': [ '5.1.2' ],
167 silly audit   'is-binary-path': [ '2.1.0' ],
167 silly audit   'is-glob': [ '4.0.3' ],
167 silly audit   'normalize-path': [ '3.0.0' ],
167 silly audit   readdirp: [ '3.6.0' ],
167 silly audit   picomatch: [ '2.3.1' ],
167 silly audit   'fill-range': [ '7.1.1' ],
167 silly audit   'to-regex-range': [ '5.0.1' ],
167 silly audit   'binary-extensions': [ '2.3.0' ],
167 silly audit   'is-extglob': [ '2.1.1' ],
167 silly audit   'brace-expansion': [ '1.1.11' ],
167 silly audit   'balanced-match': [ '1.0.2' ],
167 silly audit   'concat-map': [ '0.0.1' ],
167 silly audit   'has-flag': [ '3.0.0' ],
167 silly audit   'is-number': [ '7.0.0' ]
167 silly audit }
168 verbose reify failed optional dependency C:\Users\Avi\OneDrive\Desktop\your heart\backend\node_modules\fsevents
169 silly reify mark deleted [
169 silly reify   'C:\\Users\\Avi\\OneDrive\\Desktop\\your heart\\backend\\node_modules\\fsevents'
169 silly reify ]
170 http cache has-flag@https://registry.npmjs.org/has-flag/-/has-flag-3.0.0.tgz 0ms (cache hit)
171 http cache is-number@https://registry.npmjs.org/is-number/-/is-number-7.0.0.tgz 0ms (cache hit)
172 http cache concat-map@https://registry.npmjs.org/concat-map/-/concat-map-0.0.1.tgz 0ms (cache hit)
173 http cache brace-expansion@https://registry.npmjs.org/brace-expansion/-/brace-expansion-1.1.11.tgz 0ms (cache hit)
174 http cache is-extglob@https://registry.npmjs.org/is-extglob/-/is-extglob-2.1.1.tgz 0ms (cache hit)
175 http cache balanced-match@https://registry.npmjs.org/balanced-match/-/balanced-match-1.0.2.tgz 0ms (cache hit)
176 http cache to-regex-range@https://registry.npmjs.org/to-regex-range/-/to-regex-range-5.0.1.tgz 0ms (cache hit)
177 http cache fill-range@https://registry.npmjs.org/fill-range/-/fill-range-7.1.1.tgz 0ms (cache hit)
178 http cache binary-extensions@https://registry.npmjs.org/binary-extensions/-/binary-extensions-2.3.0.tgz 0ms (cache hit)
179 http cache picomatch@https://registry.npmjs.org/picomatch/-/picomatch-2.3.1.tgz 0ms (cache hit)
180 http cache readdirp@https://registry.npmjs.org/readdirp/-/readdirp-3.6.0.tgz 0ms (cache hit)
181 http cache normalize-path@https://registry.npmjs.org/normalize-path/-/normalize-path-3.0.0.tgz 0ms (cache hit)
182 http cache is-binary-path@https://registry.npmjs.org/is-binary-path/-/is-binary-path-2.1.0.tgz 0ms (cache hit)
183 http cache is-glob@https://registry.npmjs.org/is-glob/-/is-glob-4.0.3.tgz 0ms (cache hit)
184 http cache glob-parent@https://registry.npmjs.org/glob-parent/-/glob-parent-5.1.2.tgz 0ms (cache hit)
185 http cache braces@https://registry.npmjs.org/braces/-/braces-3.0.3.tgz 0ms (cache hit)
186 http cache anymatch@https://registry.npmjs.org/anymatch/-/anymatch-3.1.3.tgz 0ms (cache hit)
187 http cache supports-color@https://registry.npmjs.org/supports-color/-/supports-color-5.5.0.tgz 0ms (cache hit)
188 http cache undefsafe@https://registry.npmjs.org/undefsafe/-/undefsafe-2.0.5.tgz 0ms (cache hit)
189 http cache simple-update-notifier@https://registry.npmjs.org/simple-update-notifier/-/simple-update-notifier-2.0.0.tgz 0ms (cache hit)
190 http cache touch@https://registry.npmjs.org/touch/-/touch-3.1.1.tgz 0ms (cache hit)
191 http cache semver@https://registry.npmjs.org/semver/-/semver-7.7.1.tgz 0ms (cache hit)
192 http cache ignore-by-default@https://registry.npmjs.org/ignore-by-default/-/ignore-by-default-1.0.1.tgz 0ms (cache hit)
193 http cache minimatch@https://registry.npmjs.org/minimatch/-/minimatch-3.1.2.tgz 0ms (cache hit)
194 http cache pstree.remy@https://registry.npmjs.org/pstree.remy/-/pstree.remy-1.1.8.tgz 0ms (cache hit)
195 http cache chokidar@https://registry.npmjs.org/chokidar/-/chokidar-3.6.0.tgz 0ms (cache hit)
196 http cache nodemon@https://registry.npmjs.org/nodemon/-/nodemon-3.1.10.tgz 0ms (cache hit)
197 silly tarball no local data for has-flag@https://registry.npmjs.org/has-flag/-/has-flag-3.0.0.tgz. Extracting by manifest.
198 silly tarball no local data for is-number@https://registry.npmjs.org/is-number/-/is-number-7.0.0.tgz. Extracting by manifest.
199 silly tarball no local data for concat-map@https://registry.npmjs.org/concat-map/-/concat-map-0.0.1.tgz. Extracting by manifest.
200 silly tarball no local data for brace-expansion@https://registry.npmjs.org/brace-expansion/-/brace-expansion-1.1.11.tgz. Extracting by manifest.
201 silly tarball no local data for is-extglob@https://registry.npmjs.org/is-extglob/-/is-extglob-2.1.1.tgz. Extracting by manifest.
202 silly tarball no local data for balanced-match@https://registry.npmjs.org/balanced-match/-/balanced-match-1.0.2.tgz. Extracting by manifest.
203 silly tarball no local data for to-regex-range@https://registry.npmjs.org/to-regex-range/-/to-regex-range-5.0.1.tgz. Extracting by manifest.
204 silly tarball no local data for fill-range@https://registry.npmjs.org/fill-range/-/fill-range-7.1.1.tgz. Extracting by manifest.
205 silly tarball no local data for binary-extensions@https://registry.npmjs.org/binary-extensions/-/binary-extensions-2.3.0.tgz. Extracting by manifest.
206 silly tarball no local data for picomatch@https://registry.npmjs.org/picomatch/-/picomatch-2.3.1.tgz. Extracting by manifest.
207 silly tarball no local data for readdirp@https://registry.npmjs.org/readdirp/-/readdirp-3.6.0.tgz. Extracting by manifest.
208 silly tarball no local data for normalize-path@https://registry.npmjs.org/normalize-path/-/normalize-path-3.0.0.tgz. Extracting by manifest.
209 silly tarball no local data for is-binary-path@https://registry.npmjs.org/is-binary-path/-/is-binary-path-2.1.0.tgz. Extracting by manifest.
210 silly tarball no local data for is-glob@https://registry.npmjs.org/is-glob/-/is-glob-4.0.3.tgz. Extracting by manifest.
211 silly tarball no local data for glob-parent@https://registry.npmjs.org/glob-parent/-/glob-parent-5.1.2.tgz. Extracting by manifest.
212 silly tarball no local data for braces@https://registry.npmjs.org/braces/-/braces-3.0.3.tgz. Extracting by manifest.
213 silly tarball no local data for anymatch@https://registry.npmjs.org/anymatch/-/anymatch-3.1.3.tgz. Extracting by manifest.
214 silly tarball no local data for supports-color@https://registry.npmjs.org/supports-color/-/supports-color-5.5.0.tgz. Extracting by manifest.
215 silly tarball no local data for undefsafe@https://registry.npmjs.org/undefsafe/-/undefsafe-2.0.5.tgz. Extracting by manifest.
216 silly tarball no local data for simple-update-notifier@https://registry.npmjs.org/simple-update-notifier/-/simple-update-notifier-2.0.0.tgz. Extracting by manifest.
217 silly tarball no local data for touch@https://registry.npmjs.org/touch/-/touch-3.1.1.tgz. Extracting by manifest.
218 silly tarball no local data for semver@https://registry.npmjs.org/semver/-/semver-7.7.1.tgz. Extracting by manifest.
219 silly tarball no local data for ignore-by-default@https://registry.npmjs.org/ignore-by-default/-/ignore-by-default-1.0.1.tgz. Extracting by manifest.
220 silly tarball no local data for minimatch@https://registry.npmjs.org/minimatch/-/minimatch-3.1.2.tgz. Extracting by manifest.
221 silly tarball no local data for pstree.remy@https://registry.npmjs.org/pstree.remy/-/pstree.remy-1.1.8.tgz. Extracting by manifest.
222 silly tarball no local data for chokidar@https://registry.npmjs.org/chokidar/-/chokidar-3.6.0.tgz. Extracting by manifest.
223 silly tarball no local data for nodemon@https://registry.npmjs.org/nodemon/-/nodemon-3.1.10.tgz. Extracting by manifest.
224 http fetch GET 200 https://registry.npmjs.org/binary-extensions/-/binary-extensions-2.3.0.tgz 104ms (cache miss)
225 http fetch GET 200 https://registry.npmjs.org/has-flag/-/has-flag-3.0.0.tgz 106ms (cache miss)
226 http fetch GET 200 https://registry.npmjs.org/balanced-match/-/balanced-match-1.0.2.tgz 105ms (cache miss)
227 http fetch GET 200 https://registry.npmjs.org/is-number/-/is-number-7.0.0.tgz 110ms (cache miss)
228 http fetch GET 200 https://registry.npmjs.org/brace-expansion/-/brace-expansion-1.1.11.tgz 109ms (cache miss)
229 http fetch GET 200 https://registry.npmjs.org/fill-range/-/fill-range-7.1.1.tgz 111ms (cache miss)
230 http fetch GET 200 https://registry.npmjs.org/concat-map/-/concat-map-0.0.1.tgz 113ms (cache miss)
231 http fetch GET 200 https://registry.npmjs.org/to-regex-range/-/to-regex-range-5.0.1.tgz 113ms (cache miss)
232 http fetch GET 200 https://registry.npmjs.org/is-extglob/-/is-extglob-2.1.1.tgz 116ms (cache miss)
233 http fetch GET 200 https://registry.npmjs.org/undefsafe/-/undefsafe-2.0.5.tgz 138ms (cache miss)
234 http fetch GET 200 https://registry.npmjs.org/glob-parent/-/glob-parent-5.1.2.tgz 141ms (cache miss)
235 http fetch GET 200 https://registry.npmjs.org/anymatch/-/anymatch-3.1.3.tgz 142ms (cache miss)
236 http fetch GET 200 https://registry.npmjs.org/supports-color/-/supports-color-5.5.0.tgz 143ms (cache miss)
237 http fetch GET 200 https://registry.npmjs.org/braces/-/braces-3.0.3.tgz 149ms (cache miss)
238 http fetch GET 200 https://registry.npmjs.org/simple-update-notifier/-/simple-update-notifier-2.0.0.tgz 157ms (cache miss)
239 http fetch GET 200 https://registry.npmjs.org/touch/-/touch-3.1.1.tgz 157ms (cache miss)
240 http fetch GET 200 https://registry.npmjs.org/minimatch/-/minimatch-3.1.2.tgz 169ms (cache miss)
241 http fetch GET 200 https://registry.npmjs.org/ignore-by-default/-/ignore-by-default-1.0.1.tgz 170ms (cache miss)
242 http fetch GET 200 https://registry.npmjs.org/normalize-path/-/normalize-path-3.0.0.tgz 190ms (cache miss)
243 http fetch GET 200 https://registry.npmjs.org/readdirp/-/readdirp-3.6.0.tgz 204ms (cache miss)
244 http fetch GET 200 https://registry.npmjs.org/is-binary-path/-/is-binary-path-2.1.0.tgz 207ms (cache miss)
245 http fetch GET 200 https://registry.npmjs.org/is-glob/-/is-glob-4.0.3.tgz 206ms (cache miss)
246 http fetch GET 200 https://registry.npmjs.org/pstree.remy/-/pstree.remy-1.1.8.tgz 207ms (cache miss)
247 http fetch GET 200 https://registry.npmjs.org/chokidar/-/chokidar-3.6.0.tgz 207ms (cache miss)
248 http fetch GET 200 https://registry.npmjs.org/semver/-/semver-7.7.1.tgz 220ms (cache miss)
249 http fetch GET 200 https://registry.npmjs.org/picomatch/-/picomatch-2.3.1.tgz 224ms (cache miss)
250 http fetch GET 200 https://registry.npmjs.org/nodemon/-/nodemon-3.1.10.tgz 243ms (cache miss)
251 http fetch POST 200 https://registry.npmjs.org/-/npm/v1/security/advisories/bulk 335ms
252 silly audit report {}
253 silly ADD node_modules/is-number
254 silly ADD node_modules/has-flag
255 silly ADD node_modules/concat-map
256 silly ADD node_modules/balanced-match
257 silly ADD node_modules/brace-expansion
258 silly ADD node_modules/is-extglob
259 silly ADD node_modules/binary-extensions
260 silly ADD node_modules/to-regex-range
261 silly ADD node_modules/fill-range
262 silly ADD node_modules/picomatch
263 silly ADD node_modules/readdirp
264 silly ADD node_modules/normalize-path
265 silly ADD node_modules/is-glob
266 silly ADD node_modules/is-binary-path
267 silly ADD node_modules/glob-parent
268 silly ADD
269 silly ADD node_modules/braces
270 silly ADD node_modules/anymatch
271 silly ADD node_modules/undefsafe
272 silly ADD node_modules/touch
273 silly ADD node_modules/supports-color
274 silly ADD node_modules/simple-update-notifier
275 silly ADD node_modules/semver
276 silly ADD node_modules/pstree.remy
277 silly ADD node_modules/minimatch
278 silly ADD node_modules/ignore-by-default
279 silly ADD node_modules/chokidar
280 silly ADD node_modules/nodemon
281 verbose cwd C:\Users\Avi\OneDrive\Desktop\your heart\backend
282 verbose os Windows_NT 10.0.22631
283 verbose node v23.6.1
284 verbose npm  v10.9.2
285 verbose exit 0
286 info ok
