0 verbose cli C:\Program Files\nodejs\node.exe C:\Program Files\nodejs\node_modules\npm\bin\npm-cli.js
1 info using npm@10.9.2
2 info using node@v23.6.1
3 silly config load:file:C:\Program Files\nodejs\node_modules\npm\npmrc
4 silly config load:file:C:\Users\Avi\.npmrc
5 silly config load:file:C:\Users\Avi\OneDrive\Desktop\your heart\UsersAviAppDataRoamingnpm\etc\npmrc
6 verbose title npm run build
7 verbose argv "run" "build"
8 verbose logfile logs-max:10 dir:C:\Users\Avi\OneDrive\Desktop\your heart\UsersAviAppDataLocalnpm-cache\_logs\2025-04-26T07_15_33_424Z-
9 verbose logfile C:\Users\Avi\OneDrive\Desktop\your heart\UsersAviAppDataLocalnpm-cache\_logs\2025-04-26T07_15_33_424Z-debug-0.log
10 silly logfile done cleaning log files
11 verbose stack Error: Missing script: "build"
11 verbose stack
11 verbose stack To see a list of scripts, run:
11 verbose stack   npm run
11 verbose stack     at #run (C:\Program Files\nodejs\node_modules\npm\lib\commands\run-script.js:111:13)
11 verbose stack     at async RunScript.exec (C:\Program Files\nodejs\node_modules\npm\lib\commands\run-script.js:40:7)
11 verbose stack     at async Npm.exec (C:\Program Files\nodejs\node_modules\npm\lib\npm.js:207:9)
11 verbose stack     at async module.exports (C:\Program Files\nodejs\node_modules\npm\lib\cli\entry.js:74:5)
12 error Missing script: "build"
12 error
12 error To see a list of scripts, run:
12 error   npm run
13 verbose cwd C:\Users\Avi\OneDrive\Desktop\your heart
14 verbose os Windows_NT 10.0.22631
15 verbose node v23.6.1
16 verbose npm  v10.9.2
17 verbose exit 1
18 verbose code 1
19 error A complete log of this run can be found in: C:\Users\Avi\OneDrive\Desktop\your heart\UsersAviAppDataLocalnpm-cache\_logs\2025-04-26T07_15_33_424Z-debug-0.log
